android/build/intermediates/manifest_merge_blame_file/debug/processDebugMainManifest/manifest-merger-blame-debug-report.txt
1<?xml version="1.0" encoding="utf-8"?>
2<manifest xmlns:android="http://schemas.android.com/apk/res/android"
3    package="com.patryk"
4    android:versionCode="1"
5    android:versionName="1.0" >
6
7    <uses-sdk
8        android:minSdkVersion="21"
9        android:targetSdkVersion="35" />
10
11    <uses-feature
11-->chess\android\AndroidManifest.xml:4:3-75
12        android:glEsVersion="0x00020000"
12-->chess\android\AndroidManifest.xml:4:17-49
13        android:required="true" />
13-->chess\android\AndroidManifest.xml:4:50-73
14
15    <permission
15-->[androidx.core:core:1.15.0] AndroidManifest.xml:22:5-24:47
16        android:name="com.patryk.DYNAMIC_RECEIVER_NOT_EXPORTED_PERMISSION"
16-->[androidx.core:core:1.15.0] AndroidManifest.xml:23:9-81
17        android:protectionLevel="signature" />
17-->[androidx.core:core:1.15.0] AndroidManifest.xml:24:9-44
18
19    <uses-permission android:name="com.patryk.DYNAMIC_RECEIVER_NOT_EXPORTED_PERMISSION" />
19-->[androidx.core:core:1.15.0] AndroidManifest.xml:26:5-97
19-->[androidx.core:core:1.15.0] AndroidManifest.xml:26:22-94
20
21    <application
21-->chess\android\AndroidManifest.xml:5:3-25:17
22        android:allowBackup="true"
22-->chess\android\AndroidManifest.xml:6:7-33
23        android:appCategory="game"
23-->chess\android\AndroidManifest.xml:10:7-33
24        android:appComponentFactory="androidx.core.app.CoreComponentFactory"
24-->[androidx.core:core:1.15.0] AndroidManifest.xml:28:18-86
25        android:debuggable="true"
26        android:extractNativeLibs="true"
27        android:fullBackupContent="true"
27-->chess\android\AndroidManifest.xml:7:7-39
28        android:icon="@drawable/ic_launcher"
28-->chess\android\AndroidManifest.xml:8:7-43
29        android:isGame="true"
29-->chess\android\AndroidManifest.xml:9:7-28
30        android:label="@string/app_name"
30-->chess\android\AndroidManifest.xml:11:7-39
31        android:theme="@style/GdxTheme" >
31-->chess\android\AndroidManifest.xml:13:7-38
32        <activity
32-->chess\android\AndroidManifest.xml:14:5-24:16
33            android:name="com.patryk.android.AndroidLauncher"
33-->chess\android\AndroidManifest.xml:15:9-58
34            android:configChanges="keyboard|keyboardHidden|navigation|orientation|screenSize|screenLayout"
34-->chess\android\AndroidManifest.xml:18:9-103
35            android:exported="true"
35-->chess\android\AndroidManifest.xml:19:9-32
36            android:label="@string/app_name"
36-->chess\android\AndroidManifest.xml:16:9-41
37            android:screenOrientation="landscape" >
37-->chess\android\AndroidManifest.xml:17:9-46
38            <intent-filter>
38-->chess\android\AndroidManifest.xml:20:9-23:23
39                <action android:name="android.intent.action.MAIN" />
39-->chess\android\AndroidManifest.xml:21:9-60
39-->chess\android\AndroidManifest.xml:21:17-58
40
41                <category android:name="android.intent.category.LAUNCHER" />
41-->chess\android\AndroidManifest.xml:22:9-68
41-->chess\android\AndroidManifest.xml:22:19-66
42            </intent-filter>
43        </activity>
44
45        <provider
45-->[androidx.profileinstaller:profileinstaller:1.3.0] AndroidManifest.xml:24:9-32:20
46            android:name="androidx.startup.InitializationProvider"
46-->[androidx.profileinstaller:profileinstaller:1.3.0] AndroidManifest.xml:25:13-67
47            android:authorities="com.patryk.androidx-startup"
47-->[androidx.profileinstaller:profileinstaller:1.3.0] AndroidManifest.xml:26:13-68
48            android:exported="false" >
48-->[androidx.profileinstaller:profileinstaller:1.3.0] AndroidManifest.xml:27:13-37
49            <meta-data
49-->[androidx.profileinstaller:profileinstaller:1.3.0] AndroidManifest.xml:29:13-31:52
50                android:name="androidx.profileinstaller.ProfileInstallerInitializer"
50-->[androidx.profileinstaller:profileinstaller:1.3.0] AndroidManifest.xml:30:17-85
51                android:value="androidx.startup" />
51-->[androidx.profileinstaller:profileinstaller:1.3.0] AndroidManifest.xml:31:17-49
52        </provider>
53
54        <receiver
54-->[androidx.profileinstaller:profileinstaller:1.3.0] AndroidManifest.xml:34:9-52:20
55            android:name="androidx.profileinstaller.ProfileInstallReceiver"
55-->[androidx.profileinstaller:profileinstaller:1.3.0] AndroidManifest.xml:35:13-76
56            android:directBootAware="false"
56-->[androidx.profileinstaller:profileinstaller:1.3.0] AndroidManifest.xml:36:13-44
57            android:enabled="true"
57-->[androidx.profileinstaller:profileinstaller:1.3.0] AndroidManifest.xml:37:13-35
58            android:exported="true"
58-->[androidx.profileinstaller:profileinstaller:1.3.0] AndroidManifest.xml:38:13-36
59            android:permission="android.permission.DUMP" >
59-->[androidx.profileinstaller:profileinstaller:1.3.0] AndroidManifest.xml:39:13-57
60            <intent-filter>
60-->[androidx.profileinstaller:profileinstaller:1.3.0] AndroidManifest.xml:40:13-42:29
61                <action android:name="androidx.profileinstaller.action.INSTALL_PROFILE" />
61-->[androidx.profileinstaller:profileinstaller:1.3.0] AndroidManifest.xml:41:17-91
61-->[androidx.profileinstaller:profileinstaller:1.3.0] AndroidManifest.xml:41:25-88
62            </intent-filter>
63            <intent-filter>
63-->[androidx.profileinstaller:profileinstaller:1.3.0] AndroidManifest.xml:43:13-45:29
64                <action android:name="androidx.profileinstaller.action.SKIP_FILE" />
64-->[androidx.profileinstaller:profileinstaller:1.3.0] AndroidManifest.xml:44:17-85
64-->[androidx.profileinstaller:profileinstaller:1.3.0] AndroidManifest.xml:44:25-82
65            </intent-filter>
66            <intent-filter>
66-->[androidx.profileinstaller:profileinstaller:1.3.0] AndroidManifest.xml:46:13-48:29
67                <action android:name="androidx.profileinstaller.action.SAVE_PROFILE" />
67-->[androidx.profileinstaller:profileinstaller:1.3.0] AndroidManifest.xml:47:17-88
67-->[androidx.profileinstaller:profileinstaller:1.3.0] AndroidManifest.xml:47:25-85
68            </intent-filter>
69            <intent-filter>
69-->[androidx.profileinstaller:profileinstaller:1.3.0] AndroidManifest.xml:49:13-51:29
70                <action android:name="androidx.profileinstaller.action.BENCHMARK_OPERATION" />
70-->[androidx.profileinstaller:profileinstaller:1.3.0] AndroidManifest.xml:50:17-95
70-->[androidx.profileinstaller:profileinstaller:1.3.0] AndroidManifest.xml:50:25-92
71            </intent-filter>
72        </receiver>
73    </application>
74
75</manifest>